2023-02_09 13:51:46:5146 - [32minfo[39m: [32mApp rodando[39m
2023-02_09 13:53:18:5318 - [32minfo[39m: [32mConectou ao banco[39m
2023-02_09 13:53:18:5318 - [32minfo[39m: [32mApp rodando[39m
2023-02_09 13:53:29:5329 - [31merror[39m: [31mNao foi possivel conectar[39m
2023-02_09 13:53:29:5329 - [31merror[39m: [31mErro: MongoServerError: bad auth : Authentication failed.[39m
2023-02_09 13:53:29:5329 - [32minfo[39m: [32mApp rodando[39m
2023-02_09 13:53:43:5343 - [32minfo[39m: [32mConectou ao banco[39m
2023-02_09 13:53:43:5343 - [32minfo[39m: [32mApp rodando[39m
2023-02_09 13:57:03:573 - [32minfo[39m: [32mConectou ao banco[39m
2023-02_09 13:57:03:573 - [32minfo[39m: [32mApp rodando[39m
2023-02_09 14:08:41:841 - [32minfo[39m: [32mConectou ao banco[39m
2023-02_09 14:08:41:841 - [32minfo[39m: [32mApp rodando[39m
2023-02_09 14:09:15:915 - [32minfo[39m: [32mConectou ao banco[39m
2023-02_09 14:09:15:915 - [32minfo[39m: [32mApp rodando[39m
2023-02_09 14:10:12:1012 - [32minfo[39m: [32mConectou ao banco[39m
2023-02_09 14:10:12:1012 - [32minfo[39m: [32mApp rodando[39m
2023-02_09 14:11:34:1134 - [32minfo[39m: [32mConectou ao banco[39m
2023-02_09 14:11:35:1135 - [32minfo[39m: [32mApp rodando[39m
2023-02_09 14:12:15:1215 - [32minfo[39m: [32mConectou ao banco[39m
2023-02_09 14:12:15:1215 - [32minfo[39m: [32mApp rodando[39m
2023-02_09 14:12:24:1224 - [35mhttp[39m: [35mGET /api/test 200 11 - 31.081 ms[39m
[35m[39m
2023-02_09 14:27:11:2711 - [32minfo[39m: [32mConectou ao banco[39m
2023-02_09 14:27:11:2711 - [32minfo[39m: [32mApp rodando[39m
2023-02_09 14:27:49:2749 - [32minfo[39m: [32mConectou ao banco[39m
2023-02_09 14:27:49:2749 - [32minfo[39m: [32mApp rodando[39m
2023-02_09 14:29:12:2912 - [35mhttp[39m: [35mPOST /api/movie 200 14 - 37.169 ms[39m
[35m[39m
2023-02_09 14:31:50:3150 - [32minfo[39m: [32mConectou ao banco[39m
2023-02_09 14:31:50:3150 - [32minfo[39m: [32mApp rodando[39m
2023-02_09 14:32:43:3243 - [32minfo[39m: [32mConectou ao banco[39m
2023-02_09 14:32:43:3243 - [32minfo[39m: [32mApp rodando[39m
2023-02_09 14:33:45:3345 - [32minfo[39m: [32mConectou ao banco[39m
2023-02_09 14:33:46:3346 - [32minfo[39m: [32mApp rodando[39m
2023-02_09 14:34:05:345 - [32minfo[39m: [32mConectou ao banco[39m
2023-02_09 14:34:05:345 - [32minfo[39m: [32mApp rodando[39m
2023-02_09 14:34:44:3444 - [32minfo[39m: [32mConectou ao banco[39m
2023-02_09 14:34:44:3444 - [32minfo[39m: [32mApp rodando[39m
2023-02_09 14:34:56:3456 - [32minfo[39m: [32mConectou ao banco[39m
2023-02_09 14:34:56:3456 - [32minfo[39m: [32mApp rodando[39m
2023-02_09 14:35:07:357 - [32minfo[39m: [32mConectou ao banco[39m
2023-02_09 14:35:07:357 - [32minfo[39m: [32mApp rodando[39m
2023-02_09 14:35:18:3518 - [32minfo[39m: [32mConectou ao banco[39m
2023-02_09 14:35:18:3518 - [32minfo[39m: [32mApp rodando[39m
2023-02_09 14:35:35:3535 - [32minfo[39m: [32mConectou ao banco[39m
2023-02_09 14:35:35:3535 - [32minfo[39m: [32mApp rodando[39m
2023-02_09 14:37:46:3746 - [31merror[39m: [31mNao foi possivel conectar[39m
2023-02_09 14:39:15:3915 - [32minfo[39m: [32mConectou ao banco[39m
2023-02_09 14:39:15:3915 - [32minfo[39m: [32mApp rodando[39m
2023-02_09 15:21:37:2137 - [31merror[39m: [31mNao foi possivel conectar[39m
2023-02_09 15:26:06:266 - [31merror[39m: [31mNao foi possivel conectar[39m
2023-02_09 15:27:18:2718 - [32minfo[39m: [32mConectou ao banco[39m
2023-02_09 15:27:18:2718 - [32minfo[39m: [32mApp rodando[39m
2023-02_09 15:28:13:2813 - [31merror[39m: [31mError no sistema: user is not allowed to do action [insert] on [API_REST_FUll.movies][39m
2023-02_09 15:29:35:2935 - [35mhttp[39m: [35mPOST /api/movie - - - - ms[39m
[35m[39m
2023-02_09 15:29:40:2940 - [31merror[39m: [31mError no sistema: user is not allowed to do action [insert] on [API_REST_FUll.movies][39m
2023-02_09 15:31:03:313 - [32minfo[39m: [32mConectou ao banco[39m
2023-02_09 15:31:03:313 - [32minfo[39m: [32mApp rodando[39m
2023-02_09 15:31:40:3140 - [31merror[39m: [31mError no sistema: user is not allowed to do action [insert] on [API_REST_FUll.movies][39m
2023-02_09 15:34:22:3422 - [32minfo[39m: [32mConectou ao banco[39m
2023-02_09 15:34:22:3422 - [32minfo[39m: [32mApp rodando[39m
2023-02_09 15:43:13:4313 - [32minfo[39m: [32mConectou ao banco[39m
2023-02_09 15:43:13:4313 - [32minfo[39m: [32mApp rodando[39m
2023-02_09 15:43:24:4324 - [35mhttp[39m: [35mPOST /api/movie 201 164 - 380.120 ms[39m
[35m[39m
2023-02_09 15:45:16:4516 - [35mhttp[39m: [35mPOST /api/movie 201 164 - 87.191 ms[39m
[35m[39m
2023-02_09 15:55:25:5525 - [32minfo[39m: [32mConectou ao banco[39m
2023-02_09 15:55:25:5525 - [32minfo[39m: [32mApp rodando[39m
2023-02_09 15:55:37:5537 - [32minfo[39m: [32mConectou ao banco[39m
2023-02_09 15:55:37:5537 - [32minfo[39m: [32mApp rodando[39m
2023-02_09 15:55:49:5549 - [32minfo[39m: [32mConectou ao banco[39m
2023-02_09 15:55:49:5549 - [32minfo[39m: [32mApp rodando[39m
2023-02_09 15:56:01:561 - [32minfo[39m: [32mConectou ao banco[39m
2023-02_09 15:56:01:561 - [32minfo[39m: [32mApp rodando[39m
2023-02_09 15:56:09:569 - [35mhttp[39m: [35mPOST /api/movie 422 13 - 135.829 ms[39m
[35m[39m
2023-02_09 15:56:09:569 - [31merror[39m: [31mError no sistema: Cannot set headers after they are sent to the client[39m
2023-02_09 15:56:48:5648 - [32minfo[39m: [32mConectou ao banco[39m
2023-02_09 15:56:48:5648 - [32minfo[39m: [32mApp rodando[39m
2023-02_09 15:56:48:5648 - [35mhttp[39m: [35mPOST /api/movie 201 164 - 1678.469 ms[39m
[35m[39m
2023-02_10 08:06:06:66 - [31merror[39m: [31mNao foi possivel conectar[39m
2023-02_10 08:06:39:639 - [32minfo[39m: [32mConectou ao banco[39m
2023-02_10 08:06:39:639 - [32minfo[39m: [32mApp rodando[39m
2023-02_10 08:19:17:1917 - [32minfo[39m: [32mConectou ao banco[39m
2023-02_10 08:19:17:1917 - [32minfo[39m: [32mApp rodando[39m
2023-02_10 08:20:37:2037 - [35mhttp[39m: [35mPOST /api/movie 201 164 - 356.148 ms[39m
[35m[39m
2023-02_10 08:21:07:217 - [35mhttp[39m: [35mPOST /api/movie 422 40 - 14.876 ms[39m
[35m[39m
2023-02_10 08:21:29:2129 - [32minfo[39m: [32mConectou ao banco[39m
2023-02_10 08:21:29:2129 - [32minfo[39m: [32mApp rodando[39m
2023-02_10 08:22:14:2214 - [32minfo[39m: [32mConectou ao banco[39m
2023-02_10 08:22:14:2214 - [32minfo[39m: [32mApp rodando[39m
