2023-02_09 13:51:46:5146 - [32minfo[39m: [32mApp rodando[39m
2023-02_09 13:53:18:5318 - [32minfo[39m: [32mConectou ao banco[39m
2023-02_09 13:53:18:5318 - [32minfo[39m: [32mApp rodando[39m
2023-02_09 13:53:29:5329 - [31merror[39m: [31mNao foi possivel conectar[39m
2023-02_09 13:53:29:5329 - [31merror[39m: [31mErro: MongoServerError: bad auth : Authentication failed.[39m
2023-02_09 13:53:29:5329 - [32minfo[39m: [32mApp rodando[39m
2023-02_09 13:53:43:5343 - [32minfo[39m: [32mConectou ao banco[39m
2023-02_09 13:53:43:5343 - [32minfo[39m: [32mApp rodando[39m
2023-02_09 13:57:03:573 - [32minfo[39m: [32mConectou ao banco[39m
2023-02_09 13:57:03:573 - [32minfo[39m: [32mApp rodando[39m
2023-02_09 14:08:41:841 - [32minfo[39m: [32mConectou ao banco[39m
2023-02_09 14:08:41:841 - [32minfo[39m: [32mApp rodando[39m
2023-02_09 14:09:15:915 - [32minfo[39m: [32mConectou ao banco[39m
2023-02_09 14:09:15:915 - [32minfo[39m: [32mApp rodando[39m
2023-02_09 14:10:12:1012 - [32minfo[39m: [32mConectou ao banco[39m
2023-02_09 14:10:12:1012 - [32minfo[39m: [32mApp rodando[39m
2023-02_09 14:11:34:1134 - [32minfo[39m: [32mConectou ao banco[39m
2023-02_09 14:11:35:1135 - [32minfo[39m: [32mApp rodando[39m
2023-02_09 14:12:15:1215 - [32minfo[39m: [32mConectou ao banco[39m
2023-02_09 14:12:15:1215 - [32minfo[39m: [32mApp rodando[39m
2023-02_09 14:27:11:2711 - [32minfo[39m: [32mConectou ao banco[39m
2023-02_09 14:27:11:2711 - [32minfo[39m: [32mApp rodando[39m
2023-02_09 14:27:49:2749 - [32minfo[39m: [32mConectou ao banco[39m
2023-02_09 14:27:49:2749 - [32minfo[39m: [32mApp rodando[39m
2023-02_09 14:31:50:3150 - [32minfo[39m: [32mConectou ao banco[39m
2023-02_09 14:31:50:3150 - [32minfo[39m: [32mApp rodando[39m
2023-02_09 14:32:43:3243 - [32minfo[39m: [32mConectou ao banco[39m
2023-02_09 14:32:43:3243 - [32minfo[39m: [32mApp rodando[39m
2023-02_09 14:33:45:3345 - [32minfo[39m: [32mConectou ao banco[39m
2023-02_09 14:33:46:3346 - [32minfo[39m: [32mApp rodando[39m
2023-02_09 14:34:05:345 - [32minfo[39m: [32mConectou ao banco[39m
2023-02_09 14:34:05:345 - [32minfo[39m: [32mApp rodando[39m
2023-02_09 14:34:44:3444 - [32minfo[39m: [32mConectou ao banco[39m
2023-02_09 14:34:44:3444 - [32minfo[39m: [32mApp rodando[39m
2023-02_09 14:34:56:3456 - [32minfo[39m: [32mConectou ao banco[39m
2023-02_09 14:34:56:3456 - [32minfo[39m: [32mApp rodando[39m
2023-02_09 14:35:07:357 - [32minfo[39m: [32mConectou ao banco[39m
2023-02_09 14:35:07:357 - [32minfo[39m: [32mApp rodando[39m
2023-02_09 14:35:18:3518 - [32minfo[39m: [32mConectou ao banco[39m
2023-02_09 14:35:18:3518 - [32minfo[39m: [32mApp rodando[39m
2023-02_09 14:35:35:3535 - [32minfo[39m: [32mConectou ao banco[39m
2023-02_09 14:35:35:3535 - [32minfo[39m: [32mApp rodando[39m
2023-02_09 14:37:46:3746 - [31merror[39m: [31mNao foi possivel conectar[39m
2023-02_09 14:39:15:3915 - [32minfo[39m: [32mConectou ao banco[39m
2023-02_09 14:39:15:3915 - [32minfo[39m: [32mApp rodando[39m
2023-02_09 15:21:37:2137 - [31merror[39m: [31mNao foi possivel conectar[39m
2023-02_09 15:26:06:266 - [31merror[39m: [31mNao foi possivel conectar[39m
2023-02_09 15:27:18:2718 - [32minfo[39m: [32mConectou ao banco[39m
2023-02_09 15:27:18:2718 - [32minfo[39m: [32mApp rodando[39m
2023-02_09 15:28:13:2813 - [31merror[39m: [31mError no sistema: user is not allowed to do action [insert] on [API_REST_FUll.movies][39m
2023-02_09 15:29:40:2940 - [31merror[39m: [31mError no sistema: user is not allowed to do action [insert] on [API_REST_FUll.movies][39m
2023-02_09 15:31:03:313 - [32minfo[39m: [32mConectou ao banco[39m
2023-02_09 15:31:03:313 - [32minfo[39m: [32mApp rodando[39m
2023-02_09 15:31:40:3140 - [31merror[39m: [31mError no sistema: user is not allowed to do action [insert] on [API_REST_FUll.movies][39m
2023-02_09 15:34:22:3422 - [32minfo[39m: [32mConectou ao banco[39m
2023-02_09 15:34:22:3422 - [32minfo[39m: [32mApp rodando[39m
2023-02_09 15:43:13:4313 - [32minfo[39m: [32mConectou ao banco[39m
2023-02_09 15:43:13:4313 - [32minfo[39m: [32mApp rodando[39m
2023-02_09 15:55:25:5525 - [32minfo[39m: [32mConectou ao banco[39m
2023-02_09 15:55:25:5525 - [32minfo[39m: [32mApp rodando[39m
2023-02_09 15:55:37:5537 - [32minfo[39m: [32mConectou ao banco[39m
2023-02_09 15:55:37:5537 - [32minfo[39m: [32mApp rodando[39m
2023-02_09 15:55:49:5549 - [32minfo[39m: [32mConectou ao banco[39m
2023-02_09 15:55:49:5549 - [32minfo[39m: [32mApp rodando[39m
2023-02_09 15:56:01:561 - [32minfo[39m: [32mConectou ao banco[39m
2023-02_09 15:56:01:561 - [32minfo[39m: [32mApp rodando[39m
2023-02_09 15:56:09:569 - [31merror[39m: [31mError no sistema: Cannot set headers after they are sent to the client[39m
2023-02_09 15:56:48:5648 - [32minfo[39m: [32mConectou ao banco[39m
2023-02_09 15:56:48:5648 - [32minfo[39m: [32mApp rodando[39m
2023-02_10 08:06:06:66 - [31merror[39m: [31mNao foi possivel conectar[39m
2023-02_10 08:06:39:639 - [32minfo[39m: [32mConectou ao banco[39m
2023-02_10 08:06:39:639 - [32minfo[39m: [32mApp rodando[39m
2023-02_10 08:19:17:1917 - [32minfo[39m: [32mConectou ao banco[39m
2023-02_10 08:19:17:1917 - [32minfo[39m: [32mApp rodando[39m
2023-02_10 08:21:29:2129 - [32minfo[39m: [32mConectou ao banco[39m
2023-02_10 08:21:29:2129 - [32minfo[39m: [32mApp rodando[39m
2023-02_10 08:22:14:2214 - [32minfo[39m: [32mConectou ao banco[39m
2023-02_10 08:22:14:2214 - [32minfo[39m: [32mApp rodando[39m
2023-02_10 08:30:22:3022 - [32minfo[39m: [32mConectou ao banco[39m
2023-02_10 08:30:22:3022 - [32minfo[39m: [32mApp rodando[39m
2023-02_10 08:31:02:312 - [32minfo[39m: [32mConectou ao banco[39m
2023-02_10 08:31:03:313 - [32minfo[39m: [32mApp rodando[39m
2023-02_10 08:31:16:3116 - [32minfo[39m: [32mConectou ao banco[39m
2023-02_10 08:31:16:3116 - [32minfo[39m: [32mApp rodando[39m
2023-02_10 08:31:35:3135 - [32minfo[39m: [32mConectou ao banco[39m
2023-02_10 08:31:35:3135 - [32minfo[39m: [32mApp rodando[39m
2023-02_10 08:31:57:3157 - [32minfo[39m: [32mConectou ao banco[39m
2023-02_10 08:31:58:3158 - [32minfo[39m: [32mApp rodando[39m
2023-02_10 08:32:10:3210 - [32minfo[39m: [32mConectou ao banco[39m
2023-02_10 08:32:10:3210 - [32minfo[39m: [32mApp rodando[39m
2023-02_10 08:48:20:4820 - [32minfo[39m: [32mConectou ao banco[39m
2023-02_10 08:48:20:4820 - [32minfo[39m: [32mApp rodando[39m
2023-02_10 08:48:58:4858 - [32minfo[39m: [32mConectou ao banco[39m
2023-02_10 08:48:58:4858 - [32minfo[39m: [32mApp rodando[39m
2023-02_10 08:50:13:5013 - [32minfo[39m: [32mConectou ao banco[39m
2023-02_10 08:50:13:5013 - [32minfo[39m: [32mApp rodando[39m
2023-02_10 08:50:26:5026 - [32minfo[39m: [32mConectou ao banco[39m
2023-02_10 08:50:26:5026 - [32minfo[39m: [32mApp rodando[39m
2023-02_10 08:52:12:5212 - [32minfo[39m: [32mConectou ao banco[39m
2023-02_10 08:52:12:5212 - [32minfo[39m: [32mApp rodando[39m
2023-02_10 08:52:22:5222 - [32minfo[39m: [32mConectou ao banco[39m
2023-02_10 08:52:23:5223 - [32minfo[39m: [32mApp rodando[39m
2023-02_10 08:52:44:5244 - [32minfo[39m: [32mConectou ao banco[39m
2023-02_10 08:52:44:5244 - [32minfo[39m: [32mApp rodando[39m
2023-02_10 08:53:55:5355 - [32minfo[39m: [32mConectou ao banco[39m
2023-02_10 08:53:55:5355 - [32minfo[39m: [32mApp rodando[39m
2023-02_10 08:54:17:5417 - [32minfo[39m: [32mConectou ao banco[39m
2023-02_10 08:54:17:5417 - [32minfo[39m: [32mApp rodando[39m
2023-02_10 08:54:28:5428 - [32minfo[39m: [32mConectou ao banco[39m
2023-02_10 08:54:28:5428 - [32minfo[39m: [32mApp rodando[39m
2023-02_10 08:59:06:596 - [32minfo[39m: [32mConectou ao banco[39m
2023-02_10 08:59:06:596 - [32minfo[39m: [32mApp rodando[39m
2023-02_10 09:00:33:033 - [32minfo[39m: [32mConectou ao banco[39m
2023-02_10 09:00:33:033 - [32minfo[39m: [32mApp rodando[39m
2023-02_10 09:01:03:13 - [32minfo[39m: [32mConectou ao banco[39m
2023-02_10 09:01:03:13 - [32minfo[39m: [32mApp rodando[39m
2023-02_10 09:01:24:124 - [32minfo[39m: [32mConectou ao banco[39m
2023-02_10 09:01:24:124 - [32minfo[39m: [32mApp rodando[39m
2023-02_10 09:01:41:141 - [32minfo[39m: [32mConectou ao banco[39m
2023-02_10 09:01:41:141 - [32minfo[39m: [32mApp rodando[39m
2023-02_10 09:03:02:32 - [32minfo[39m: [32mConectou ao banco[39m
2023-02_10 09:03:02:32 - [32minfo[39m: [32mApp rodando[39m
2023-02_10 09:03:15:315 - [32minfo[39m: [32mConectou ao banco[39m
2023-02_10 09:03:15:315 - [32minfo[39m: [32mApp rodando[39m
2023-02_10 09:03:28:328 - [32minfo[39m: [32mConectou ao banco[39m
2023-02_10 09:03:28:328 - [32minfo[39m: [32mApp rodando[39m
2023-02_10 09:03:47:347 - [32minfo[39m: [32mConectou ao banco[39m
2023-02_10 09:03:47:347 - [32minfo[39m: [32mApp rodando[39m
2023-02_10 09:10:35:1035 - [32minfo[39m: [32mConectou ao banco[39m
2023-02_10 09:10:35:1035 - [32minfo[39m: [32mApp rodando[39m
2023-02_10 09:10:49:1049 - [32minfo[39m: [32mConectou ao banco[39m
2023-02_10 09:10:49:1049 - [32minfo[39m: [32mApp rodando[39m
2023-02_10 09:11:08:118 - [32minfo[39m: [32mConectou ao banco[39m
2023-02_10 09:11:08:118 - [32minfo[39m: [32mApp rodando[39m
2023-02_10 09:11:40:1140 - [32minfo[39m: [32mConectou ao banco[39m
2023-02_10 09:11:40:1140 - [32minfo[39m: [32mApp rodando[39m
2023-02_10 09:11:52:1152 - [32minfo[39m: [32mConectou ao banco[39m
2023-02_10 09:11:52:1152 - [32minfo[39m: [32mApp rodando[39m
2023-02_10 09:12:05:125 - [32minfo[39m: [32mConectou ao banco[39m
2023-02_10 09:12:05:125 - [32minfo[39m: [32mApp rodando[39m
2023-02_10 09:12:45:1245 - [32minfo[39m: [32mConectou ao banco[39m
2023-02_10 09:12:45:1245 - [32minfo[39m: [32mApp rodando[39m
2023-02_10 09:13:01:131 - [32minfo[39m: [32mConectou ao banco[39m
2023-02_10 09:13:01:131 - [32minfo[39m: [32mApp rodando[39m
2023-02_10 09:13:16:1316 - [32minfo[39m: [32mConectou ao banco[39m
2023-02_10 09:13:16:1316 - [32minfo[39m: [32mApp rodando[39m
2023-02_10 09:13:52:1352 - [32minfo[39m: [32mConectou ao banco[39m
2023-02_10 09:13:52:1352 - [32minfo[39m: [32mApp rodando[39m
2023-02_10 09:14:14:1414 - [32minfo[39m: [32mConectou ao banco[39m
2023-02_10 09:14:14:1414 - [32minfo[39m: [32mApp rodando[39m
2023-02_10 09:14:54:1454 - [32minfo[39m: [32mConectou ao banco[39m
2023-02_10 09:14:54:1454 - [32minfo[39m: [32mApp rodando[39m
2023-02_10 09:15:09:159 - [32minfo[39m: [32mConectou ao banco[39m
2023-02_10 09:15:09:159 - [32minfo[39m: [32mApp rodando[39m
2023-02_10 09:16:36:1636 - [31merror[39m: [31mError no sistema: Cast to ObjectId failed for value "63e63341309003bed0a2f1f" (type string) at path "_id" for model "Movie"[39m
2023-02_10 09:18:55:1855 - [31merror[39m: [31mError no sistema: Cast to ObjectId failed for value "63e63341309003bed0a2f1f" (type string) at path "_id" for model "Movie"[39m
2023-02_10 09:19:58:1958 - [31merror[39m: [31mError no sistema: Cast to ObjectId failed for value "63e63341309003bed0a2f1oi" (type string) at path "_id" for model "Movie"[39m
2023-02_10 09:21:39:2139 - [32minfo[39m: [32mConectou ao banco[39m
2023-02_10 09:21:39:2139 - [32minfo[39m: [32mApp rodando[39m
2023-02_10 09:23:41:2341 - [32minfo[39m: [32mConectou ao banco[39m
2023-02_10 09:23:41:2341 - [32minfo[39m: [32mApp rodando[39m
2023-02_10 09:24:09:249 - [32minfo[39m: [32mConectou ao banco[39m
2023-02_10 09:24:09:249 - [32minfo[39m: [32mApp rodando[39m
2023-02_10 09:27:25:2725 - [32minfo[39m: [32mConectou ao banco[39m
2023-02_10 09:27:25:2725 - [32minfo[39m: [32mApp rodando[39m
2023-02_10 09:27:53:2753 - [32minfo[39m: [32mConectou ao banco[39m
2023-02_10 09:27:53:2753 - [32minfo[39m: [32mApp rodando[39m
2023-02_10 09:28:39:2839 - [32minfo[39m: [32mConectou ao banco[39m
2023-02_10 09:28:39:2839 - [32minfo[39m: [32mApp rodando[39m
2023-02_10 09:28:51:2851 - [32minfo[39m: [32mConectou ao banco[39m
2023-02_10 09:28:51:2851 - [32minfo[39m: [32mApp rodando[39m
2023-02_10 09:29:28:2928 - [32minfo[39m: [32mConectou ao banco[39m
2023-02_10 09:29:28:2928 - [32minfo[39m: [32mApp rodando[39m
2023-02_10 09:30:01:301 - [32minfo[39m: [32mConectou ao banco[39m
2023-02_10 09:30:01:301 - [32minfo[39m: [32mApp rodando[39m
2023-02_10 09:30:19:3019 - [32minfo[39m: [32mConectou ao banco[39m
2023-02_10 09:30:19:3019 - [32minfo[39m: [32mApp rodando[39m
2023-02_10 09:31:05:315 - [32minfo[39m: [32mConectou ao banco[39m
2023-02_10 09:31:05:315 - [32minfo[39m: [32mApp rodando[39m
2023-02_10 09:36:12:3612 - [32minfo[39m: [32mConectou ao banco[39m
2023-02_10 09:36:12:3612 - [32minfo[39m: [32mApp rodando[39m
2023-02_10 09:36:32:3632 - [32minfo[39m: [32mConectou ao banco[39m
2023-02_10 09:36:32:3632 - [32minfo[39m: [32mApp rodando[39m
2023-02_10 09:36:54:3654 - [32minfo[39m: [32mConectou ao banco[39m
2023-02_10 09:36:54:3654 - [32minfo[39m: [32mApp rodando[39m
2023-02_10 09:38:16:3816 - [32minfo[39m: [32mConectou ao banco[39m
2023-02_10 09:38:16:3816 - [32minfo[39m: [32mApp rodando[39m
2023-02_10 09:38:58:3858 - [32minfo[39m: [32mConectou ao banco[39m
2023-02_10 09:38:59:3859 - [32minfo[39m: [32mApp rodando[39m
2023-02_10 09:39:09:399 - [32minfo[39m: [32mConectou ao banco[39m
2023-02_10 09:39:09:399 - [32minfo[39m: [32mApp rodando[39m
2023-02_10 09:39:40:3940 - [32minfo[39m: [32mConectou ao banco[39m
2023-02_10 09:39:40:3940 - [32minfo[39m: [32mApp rodando[39m
2023-02_10 09:40:23:4023 - [32minfo[39m: [32mConectou ao banco[39m
2023-02_10 09:40:23:4023 - [32minfo[39m: [32mApp rodando[39m
2023-02_10 09:40:37:4037 - [32minfo[39m: [32mConectou ao banco[39m
2023-02_10 09:40:37:4037 - [32minfo[39m: [32mApp rodando[39m
2023-02_10 09:42:52:4252 - [32minfo[39m: [32mConectou ao banco[39m
2023-02_10 09:42:53:4253 - [32minfo[39m: [32mApp rodando[39m
2023-02_10 09:44:01:441 - [32minfo[39m: [32mConectou ao banco[39m
2023-02_10 09:44:01:441 - [32minfo[39m: [32mApp rodando[39m
2023-02_10 09:47:56:4756 - [32minfo[39m: [32mConectou ao banco[39m
2023-02_10 09:47:56:4756 - [32minfo[39m: [32mApp rodando[39m
2023-02_10 09:48:30:4830 - [32minfo[39m: [32mConectou ao banco[39m
2023-02_10 09:48:30:4830 - [32minfo[39m: [32mApp rodando[39m
2023-02_10 09:49:10:4910 - [32minfo[39m: [32mConectou ao banco[39m
2023-02_10 09:49:10:4910 - [32minfo[39m: [32mApp rodando[39m
2023-02_10 09:49:38:4938 - [32minfo[39m: [32mConectou ao banco[39m
2023-02_10 09:49:38:4938 - [32minfo[39m: [32mApp rodando[39m
2023-02_10 09:50:04:504 - [32minfo[39m: [32mConectou ao banco[39m
2023-02_10 09:50:04:504 - [32minfo[39m: [32mApp rodando[39m
2023-02_10 09:50:31:5031 - [32minfo[39m: [32mConectou ao banco[39m
2023-02_10 09:50:31:5031 - [32minfo[39m: [32mApp rodando[39m
2023-02_10 09:50:42:5042 - [32minfo[39m: [32mConectou ao banco[39m
2023-02_10 09:50:42:5042 - [32minfo[39m: [32mApp rodando[39m
2023-02_10 09:53:46:5346 - [32minfo[39m: [32mConectou ao banco[39m
2023-02_10 09:53:47:5347 - [32minfo[39m: [32mApp rodando[39m
2023-02_10 09:58:48:5848 - [32minfo[39m: [32mConectou ao banco[39m
2023-02_10 09:58:48:5848 - [32minfo[39m: [32mApp rodando[39m
2023-02_10 10:02:11:211 - [32minfo[39m: [32mConectou ao banco[39m
2023-02_10 10:02:11:211 - [32minfo[39m: [32mApp rodando[39m
2023-02_10 10:02:35:235 - [32minfo[39m: [32mConectou ao banco[39m
2023-02_10 10:02:35:235 - [32minfo[39m: [32mApp rodando[39m
